<?xml version="1.0" encoding="UTF-8"?>
<testsuite name="SILab2Test" tests="2" skipped="0" failures="0" errors="0" timestamp="2023-05-29T20:06:00" hostname="DESKTOP-N3PHQTI" time="0.018">
  <properties/>
  <testcase name="EveryBranch()" classname="SILab2Test" time="0.016"/>
  <testcase name="MultipleCondition()" classname="SILab2Test" time="0.001"/>
  <system-out><![CDATA[]]></system-out>
  <system-err><![CDATA[]]></system-err>
</testsuite>
